<?xml version="1.0" encoding="UTF-8"?>
<!-- Generated by org.testng.reporters.JUnitReportReporter -->
<testsuite hostname="ULTS-LAP435" failures="0" tests="3" name="com.ults.selenium.testcase.SROFileApprovalByUscplTest" time="55.866" errors="0" timestamp="2023-04-03T15:20:28 IST" skipped="0">
  <testcase classname="com.ults.selenium.testcase.SROFileApprovalByUscplTest" name="login" time="0.213"/>
  <system-out/>
  <testcase classname="com.ults.selenium.testcase.SROFileApprovalByUscplTest" name="uscplFileApproval" time="53.584"/>
  <system-out/>
  <testcase classname="com.ults.selenium.testcase.SROFileApprovalByUscplTest" name="logout" time="2.069"/>
  <system-out/>
</testsuite> <!-- com.ults.selenium.testcase.SROFileApprovalByUscplTest -->
