<?xml version="1.0" encoding="UTF-8"?>
<!-- Generated by org.testng.reporters.JUnitReportReporter -->
<testsuite hostname="ULTS-LAP435" failures="0" tests="2" name="com.ults.selenium.testcase.EditSRO" time="95.162" errors="0" timestamp="2023-04-14T11:26:37 IST" skipped="0">
  <testcase classname="com.ults.selenium.testcase.EditSRO" name="login" time="0.165"/>
  <system-out/>
  <testcase classname="com.ults.selenium.testcase.EditSRO" name="AcplFileCreation" time="94.997"/>
  <system-out/>
</testsuite> <!-- com.ults.selenium.testcase.EditSRO -->
