<?xml version="1.0" encoding="UTF-8"?>
<!-- Generated by org.testng.reporters.JUnitReportReporter -->
<testsuite hostname="ULTS-LAP435" failures="0" tests="3" name="com.ults.selenium.testcase.AmendmentAcplTest" time="111.964" errors="0" timestamp="2023-03-31T14:33:31 IST" skipped="0">
  <testcase classname="com.ults.selenium.testcase.AmendmentAcplTest" name="login" time="0.217"/>
  <system-out/>
  <testcase classname="com.ults.selenium.testcase.AmendmentAcplTest" name="amendmentAcpl" time="109.594"/>
  <system-out/>
  <testcase classname="com.ults.selenium.testcase.AmendmentAcplTest" name="logout" time="2.153"/>
  <system-out/>
</testsuite> <!-- com.ults.selenium.testcase.AmendmentAcplTest -->
