<?xml version="1.0" encoding="UTF-8"?>
<!-- Generated by org.testng.reporters.JUnitReportReporter -->
<testsuite hostname="ULTS-LAP322" failures="0" tests="1" name="com.ults.selenium.testcase.OTPReader" time="4.452" errors="0" timestamp="2024-07-01T14:57:01 IST" skipped="0">
  <testcase classname="com.ults.selenium.testcase.OTPReader" name="testGetOTPFromEmail" time="4.452"/>
  <system-out/>
</testsuite> <!-- com.ults.selenium.testcase.OTPReader -->
