<?xml version="1.0" encoding="UTF-8"?>
<!-- Generated by org.testng.reporters.JUnitReportReporter -->
<testsuite hostname="ULTS-LAP435" failures="0" tests="11" name="com.ults.selenium.testcase.Dept_Report_WithdrawFlow" time="306.434" errors="0" timestamp="2023-04-18T15:51:14 IST" skipped="0">
  <testcase classname="com.ults.selenium.testcase.Dept_Report_WithdrawFlow" name="login" time="0.203"/>
  <system-out/>
  <testcase classname="com.ults.selenium.testcase.Dept_Report_WithdrawFlow" name="SOAssigntoACPL" time="35.818"/>
  <system-out/>
  <testcase classname="com.ults.selenium.testcase.Dept_Report_WithdrawFlow" name="logout" time="3.126"/>
  <system-out/>
  <testcase classname="com.ults.selenium.testcase.Dept_Report_WithdrawFlow" name="deptlogin" time="0.320"/>
  <system-out/>
  <testcase classname="com.ults.selenium.testcase.Dept_Report_WithdrawFlow" name="Dept_withdrawRequest" time="48.972"/>
  <system-out/>
  <testcase classname="com.ults.selenium.testcase.Dept_Report_WithdrawFlow" name="withdrawrequest_Assign_to_Assistant" time="42.823"/>
  <system-out/>
  <testcase classname="com.ults.selenium.testcase.Dept_Report_WithdrawFlow" name="acpllogin" time="0.235"/>
  <system-out/>
  <testcase classname="com.ults.selenium.testcase.Dept_Report_WithdrawFlow" name="ACPLcreatefile_forwardtoUS" time="84.696"/>
  <system-out/>
  <testcase classname="com.ults.selenium.testcase.Dept_Report_WithdrawFlow" name="uscpl_login" time="0.255"/>
  <system-out/>
  <testcase classname="com.ults.selenium.testcase.Dept_Report_WithdrawFlow" name="us_approve_withdrafile" time="55.184"/>
  <system-out/>
  <testcase classname="com.ults.selenium.testcase.Dept_Report_WithdrawFlow" name="VerifwithdrawFileStatus" time="34.802"/>
  <system-out/>
</testsuite> <!-- com.ults.selenium.testcase.Dept_Report_WithdrawFlow -->
