<?xml version="1.0" encoding="UTF-8"?>
<!-- Generated by org.testng.reporters.JUnitReportReporter -->
<testsuite hostname="ULTS-LAP435" failures="0" tests="3" name="com.ults.selenium.testcase.AcplFileCreationTest" time="88.963" errors="0" timestamp="2023-03-27T13:48:16 IST" skipped="0">
  <testcase classname="com.ults.selenium.testcase.AcplFileCreationTest" name="login" time="0.265"/>
  <system-out/>
  <testcase classname="com.ults.selenium.testcase.AcplFileCreationTest" name="AcplFileCreation" time="86.577"/>
  <system-out/>
  <testcase classname="com.ults.selenium.testcase.AcplFileCreationTest" name="logout" time="2.121"/>
  <system-out/>
</testsuite> <!-- com.ults.selenium.testcase.AcplFileCreationTest -->
