<?xml version="1.0" encoding="UTF-8"?>
<!-- Generated by org.testng.reporters.JUnitReportReporter -->
<testsuite hostname="ULTS-LAP435" failures="0" tests="3" name="com.ults.selenium.testcase.SROAcplDocRegTest" time="65.017" errors="0" timestamp="2023-04-14T11:26:37 IST" skipped="0">
  <testcase classname="com.ults.selenium.testcase.SROAcplDocRegTest" name="login" time="0.605"/>
  <system-out/>
  <testcase classname="com.ults.selenium.testcase.SROAcplDocRegTest" name="AcplDocRegWithDelay" time="62.305"/>
  <system-out/>
  <testcase classname="com.ults.selenium.testcase.SROAcplDocRegTest" name="logout" time="2.107"/>
  <system-out/>
</testsuite> <!-- com.ults.selenium.testcase.SROAcplDocRegTest -->
