<?xml version="1.0" encoding="UTF-8"?>
<!-- Generated by org.testng.reporters.JUnitReportReporter -->
<testsuite hostname="ULTS-LAP435" failures="0" tests="3" name="com.ults.selenium.testcase.AmendmentMlaTest" time="73.450" errors="0" timestamp="2023-03-31T14:33:32 IST" skipped="0">
  <testcase classname="com.ults.selenium.testcase.AmendmentMlaTest" name="login" time="0.419"/>
  <system-out/>
  <testcase classname="com.ults.selenium.testcase.AmendmentMlaTest" name="amendmentMla" time="70.933"/>
  <system-out/>
  <testcase classname="com.ults.selenium.testcase.AmendmentMlaTest" name="logout" time="2.098"/>
  <system-out/>
</testsuite> <!-- com.ults.selenium.testcase.AmendmentMlaTest -->
