<?xml version="1.0" encoding="UTF-8"?>
<!-- Generated by org.testng.reporters.JUnitReportReporter -->
<testsuite hostname="ULTS-LAP435" failures="0" tests="3" name="com.ults.selenium.testcase.ForwardReqLetterUSApprove" time="35.096" errors="0" timestamp="2023-05-29T17:30:51 IST" skipped="0">
  <testcase classname="com.ults.selenium.testcase.ForwardReqLetterUSApprove" name="login" time="3.242"/>
  <system-out/>
  <testcase classname="com.ults.selenium.testcase.ForwardReqLetterUSApprove" name="AcplDocRegWithDelay" time="29.669"/>
  <system-out/>
  <testcase classname="com.ults.selenium.testcase.ForwardReqLetterUSApprove" name="logout" time="2.185"/>
  <system-out/>
</testsuite> <!-- com.ults.selenium.testcase.ForwardReqLetterUSApprove -->
