<?xml version="1.0" encoding="UTF-8"?>
<!-- Generated by org.testng.reporters.JUnitReportReporter -->
<testsuite hostname="ULTS-LAP435" failures="0" tests="2" name="com.ults.selenium.testcase.DocumentDeletionCommonfile" time="69.231" errors="0" timestamp="2023-04-14T11:22:08 IST" skipped="0">
  <testcase classname="com.ults.selenium.testcase.DocumentDeletionCommonfile" name="login" time="0.248"/>
  <system-out/>
  <testcase classname="com.ults.selenium.testcase.DocumentDeletionCommonfile" name="AcplFileCreation" time="68.983"/>
  <system-out/>
</testsuite> <!-- com.ults.selenium.testcase.DocumentDeletionCommonfile -->
