<?xml version="1.0" encoding="UTF-8"?>
<!-- Generated by org.testng.reporters.JUnitReportReporter -->
<testsuite hostname="ULTS-LAP435" failures="0" tests="2" name="com.ults.selenium.testcase.GrlRequestReturnBySoBillTest" time="50.118" errors="0" timestamp="2023-05-25T15:28:23 IST" skipped="0">
  <testcase classname="com.ults.selenium.testcase.GrlRequestReturnBySoBillTest" name="login" time="0.214"/>
  <system-out/>
  <testcase classname="com.ults.selenium.testcase.GrlRequestReturnBySoBillTest" name="GrlRequestReturnOS" time="49.904"/>
  <system-out/>
</testsuite> <!-- com.ults.selenium.testcase.GrlRequestReturnBySoBillTest -->
