<?xml version="1.0" encoding="UTF-8"?>
<!-- Generated by org.testng.reporters.JUnitReportReporter -->
<testsuite hostname="DESKTOP-G2QF5H9" failures="0" tests="1" name="com.xminds.selenium.testcase.ApiTest$DatazoomAPITest" time="4.895" errors="0" timestamp="2025-03-17T11:25:45 IST" skipped="0">
  <testcase classname="com.xminds.selenium.testcase.ApiTest$DatazoomAPITest" name="testDatapipeListAPI" time="4.895"/>
  <system-out/>
</testsuite> <!-- com.xminds.selenium.testcase.ApiTest$DatazoomAPITest -->
