<?xml version="1.0" encoding="UTF-8"?>
<!-- Generated by org.testng.reporters.JUnitReportReporter -->
<testsuite hostname="ULTS-LAP435" failures="0" tests="3" name="com.ults.selenium.testcase.FileApprovalByUscplTest" time="55.863" errors="0" timestamp="2023-03-03T12:05:12 IST" skipped="0">
  <testcase classname="com.ults.selenium.testcase.FileApprovalByUscplTest" name="login" time="0.176"/>
  <system-out/>
  <testcase classname="com.ults.selenium.testcase.FileApprovalByUscplTest" name="uscplFileApproval" time="53.630"/>
  <system-out/>
  <testcase classname="com.ults.selenium.testcase.FileApprovalByUscplTest" name="logout" time="2.057"/>
  <system-out/>
</testsuite> <!-- com.ults.selenium.testcase.FileApprovalByUscplTest -->
