<?xml version="1.0" encoding="UTF-8"?>
<!-- Generated by org.testng.reporters.JUnitReportReporter -->
<testsuite hostname="DESKTOP-G2QF5H9" failures="0" tests="5" name="com.xminds.selenium.testcase.DH023Test" time="39.684" errors="0" timestamp="2025-03-24T15:02:23 IST" skipped="0">
  <testcase classname="com.xminds.selenium.testcase.DH023Test" name="privacyLinkTest" time="10.822"/>
  <system-out/>
  <testcase classname="com.xminds.selenium.testcase.DH023Test" name="termsLinkTestYear" time="9.872"/>
  <system-out/>
  <testcase classname="com.xminds.selenium.testcase.DH023Test" name="datacollconneLinkTest" time="6.340"/>
  <system-out/>
  <testcase classname="com.xminds.selenium.testcase.DH023Test" name="settingsbuttonTest" time="7.526"/>
  <system-out/>
  <testcase classname="com.xminds.selenium.testcase.DH023Test" name="userMenuLinkTest" time="5.124"/>
  <system-out/>
</testsuite> <!-- com.xminds.selenium.testcase.DH023Test -->
