<?xml version="1.0" encoding="UTF-8"?>
<!-- Generated by org.testng.reporters.JUnitReportReporter -->
<testsuite hostname="ULTS-LAP435" failures="0" tests="3" name="com.ults.selenium.testcase.ActFileApprovalByUscplTest" time="74.976" errors="0" timestamp="2023-03-31T15:03:59 IST" skipped="0">
  <testcase classname="com.ults.selenium.testcase.ActFileApprovalByUscplTest" name="login" time="0.226"/>
  <system-out/>
  <testcase classname="com.ults.selenium.testcase.ActFileApprovalByUscplTest" name="uscplFileApproval" time="72.426"/>
  <system-out/>
  <testcase classname="com.ults.selenium.testcase.ActFileApprovalByUscplTest" name="logout" time="2.324"/>
  <system-out/>
</testsuite> <!-- com.ults.selenium.testcase.ActFileApprovalByUscplTest -->
