<?xml version="1.0" encoding="UTF-8"?>
<!-- Generated by org.testng.reporters.JUnitReportReporter -->
<testsuite hostname="ULTS-LAP435" failures="0" tests="2" name="com.ults.selenium.testcase.GrlRequestForwardABillToSoTest" time="45.890" errors="0" timestamp="2023-05-29T17:18:12 IST" skipped="0">
  <testcase classname="com.ults.selenium.testcase.GrlRequestForwardABillToSoTest" name="login" time="0.243"/>
  <system-out/>
  <testcase classname="com.ults.selenium.testcase.GrlRequestForwardABillToSoTest" name="GrlRequestFrUS" time="45.647"/>
  <system-out/>
</testsuite> <!-- com.ults.selenium.testcase.GrlRequestForwardABillToSoTest -->
