<?xml version="1.0" encoding="UTF-8"?>
<!-- Generated by org.testng.reporters.JUnitReportReporter -->
<testsuite hostname="DESKTOP-G2QF5H9" failures="0" tests="1" name="com.xminds.selenium.testcase.UC001_UC012Test" time="28.215" errors="0" timestamp="2025-04-15T17:51:16 IST" skipped="0">
  <testcase classname="com.xminds.selenium.testcase.UC001_UC012Test" name="usersPageVerifyTest" time="28.215"/>
  <system-out/>
</testsuite> <!-- com.xminds.selenium.testcase.UC001_UC012Test -->
