<?xml version="1.0" encoding="UTF-8"?>
<!-- Generated by org.testng.reporters.JUnitReportReporter -->
<testsuite hostname="ULTS-LAP322" failures="0" tests="8" name="com.ults.selenium.testcase.UseCase01_04_SlabCreationAndLicenseCreation" time="61.707" errors="0" timestamp="2024-07-01T14:40:28 IST" skipped="4">
  <testcase classname="com.ults.selenium.testcase.UseCase01_04_SlabCreationAndLicenseCreation" name="login" time="1.413"/>
  <system-out/>
  <testcase classname="com.ults.selenium.testcase.UseCase01_04_SlabCreationAndLicenseCreation" name="submenu" time="2.523"/>
  <system-out/>
  <testcase classname="com.ults.selenium.testcase.UseCase01_04_SlabCreationAndLicenseCreation" name="LicenseCreation" time="53.734"/>
  <system-out/>
  <testcase classname="com.ults.selenium.testcase.UseCase01_04_SlabCreationAndLicenseCreation" name="testGetOTPFromEmail" time="4.037"/>
  <system-out/>
  <testcase classname="com.ults.selenium.testcase.UseCase01_04_SlabCreationAndLicenseCreation" name="SlabCreation">
    <skipped/>
  </testcase> <!-- SlabCreation -->
  <system-out/>
  <testcase classname="com.ults.selenium.testcase.UseCase01_04_SlabCreationAndLicenseCreation" name="LicenseApproval">
    <skipped/>
  </testcase> <!-- LicenseApproval -->
  <system-out/>
  <testcase classname="com.ults.selenium.testcase.UseCase01_04_SlabCreationAndLicenseCreation" name="logout">
    <skipped/>
  </testcase> <!-- logout -->
  <system-out/>
  <testcase classname="com.ults.selenium.testcase.UseCase01_04_SlabCreationAndLicenseCreation" name="LicenseEdit">
    <skipped/>
  </testcase> <!-- LicenseEdit -->
  <system-out/>
</testsuite> <!-- com.ults.selenium.testcase.UseCase01_04_SlabCreationAndLicenseCreation -->
