<?xml version="1.0" encoding="UTF-8"?>
<!-- Generated by org.testng.reporters.JUnitReportReporter -->
<testsuite hostname="ULTS-LAP435" failures="0" tests="5" name="com.ults.selenium.testcase.Dept_Report_ConfientialDocCreation_Test" time="119.640" errors="0" timestamp="2023-04-03T14:42:58 IST" skipped="0">
  <testcase classname="com.ults.selenium.testcase.Dept_Report_ConfientialDocCreation_Test" name="login" time="0.455"/>
  <system-out/>
  <testcase classname="com.ults.selenium.testcase.Dept_Report_ConfientialDocCreation_Test" name="ReportDeptDoccreation" time="85.758"/>
  <system-out/>
  <testcase classname="com.ults.selenium.testcase.Dept_Report_ConfientialDocCreation_Test" name="logout" time="0.106"/>
  <system-out/>
  <testcase classname="com.ults.selenium.testcase.Dept_Report_ConfientialDocCreation_Test" name="login_SO" time="0.499"/>
  <system-out/>
  <testcase classname="com.ults.selenium.testcase.Dept_Report_ConfientialDocCreation_Test" name="confidentail_Doc_Status" time="32.822"/>
  <system-out/>
</testsuite> <!-- com.ults.selenium.testcase.Dept_Report_ConfientialDocCreation_Test -->
