<?xml version="1.0" encoding="UTF-8"?>
<!-- Generated by org.testng.reporters.JUnitReportReporter -->
<testsuite hostname="DESKTOP-G2QF5H9" failures="0" tests="1" name="com.xminds.selenium.testcase.CC001_CC008Test" time="24.175" errors="0" timestamp="2025-04-15T17:57:50 IST" skipped="0">
  <testcase classname="com.xminds.selenium.testcase.CC001_CC008Test" name="companyPageVerifyTest" time="24.175"/>
  <system-out/>
</testsuite> <!-- com.xminds.selenium.testcase.CC001_CC008Test -->
