<?xml version="1.0" encoding="UTF-8"?>
<!-- Generated by org.testng.reporters.JUnitReportReporter -->
<testsuite hostname="ULTS-LAP435" failures="0" tests="5" name="com.ults.selenium.testcase.ReturnFlow_Reports" time="46.828" errors="0" timestamp="2023-04-03T16:06:10 IST" skipped="0">
  <testcase classname="com.ults.selenium.testcase.ReturnFlow_Reports" name="login_SO" time="0.209"/>
  <system-out/>
  <testcase classname="com.ults.selenium.testcase.ReturnFlow_Reports" name="Return_OS_Doc" time="24.201"/>
  <system-out/>
  <testcase classname="com.ults.selenium.testcase.ReturnFlow_Reports" name="logout" time="3.072"/>
  <system-out/>
  <testcase classname="com.ults.selenium.testcase.ReturnFlow_Reports" name="login" time="0.180"/>
  <system-out/>
  <testcase classname="com.ults.selenium.testcase.ReturnFlow_Reports" name="OS_ReturnDoc_Status" time="19.166"/>
  <system-out/>
</testsuite> <!-- com.ults.selenium.testcase.ReturnFlow_Reports -->
