<?xml version="1.0" encoding="UTF-8"?>
<!-- Generated by org.testng.reporters.JUnitReportReporter -->
<testsuite hostname="DESKTOP-G2QF5H9" failures="0" tests="1" name="com.xminds.selenium.testcase.UC017_UC040Test" time="67.213" errors="0" timestamp="2025-04-09T14:57:35 IST" skipped="0">
  <testcase classname="com.xminds.selenium.testcase.UC017_UC040Test" name="NewusersPageTest" time="67.213"/>
  <system-out/>
</testsuite> <!-- com.xminds.selenium.testcase.UC017_UC040Test -->
