<?xml version="1.0" encoding="UTF-8"?>
<!-- Generated by org.testng.reporters.JUnitReportReporter -->
<testsuite hostname="DESKTOP-G2QF5H9" failures="0" tests="1" name="com.xminds.selenium.testcase.LoginBase" time="2.405" errors="0" timestamp="2025-03-07T10:46:34 IST" skipped="0">
  <testcase classname="com.xminds.selenium.testcase.LoginBase" name="loginTest" time="2.405"/>
  <system-out/>
</testsuite> <!-- com.xminds.selenium.testcase.LoginBase -->
