<?xml version="1.0" encoding="UTF-8"?>
<!-- Generated by org.testng.reporters.JUnitReportReporter -->
<testsuite hostname="DESKTOP-G2QF5H9" failures="0" tests="1" name="com.xminds.selenium.testcase.DH017_DH019Test$DatazoomAPITest" time="16.378" errors="0" timestamp="2025-04-22T10:14:30 IST" skipped="0">
  <testcase classname="com.xminds.selenium.testcase.DH017_DH019Test$DatazoomAPITest" name="testCompanyDashboardSummaryCollectorAPI" time="16.378"/>
  <system-out/>
</testsuite> <!-- com.xminds.selenium.testcase.DH017_DH019Test$DatazoomAPITest -->
