<?xml version="1.0" encoding="UTF-8"?>
<!-- Generated by org.testng.reporters.JUnitReportReporter -->
<testsuite hostname="ULTS-LAP322" failures="0" tests="7" name="com.ults.selenium.testcase.BudgetMaster_Creation_TSOA" time="13.758" errors="0" timestamp="2023-05-11T12:12:40 IST" skipped="5">
  <testcase classname="com.ults.selenium.testcase.BudgetMaster_Creation_TSOA" name="login" time="13.684"/>
  <system-out/>
  <testcase classname="com.ults.selenium.testcase.BudgetMaster_Creation_TSOA" name="logout" time="0.074"/>
  <system-out/>
  <testcase classname="com.ults.selenium.testcase.BudgetMaster_Creation_TSOA" name="FileCreation">
    <skipped/>
  </testcase> <!-- FileCreation -->
  <system-out/>
  <testcase classname="com.ults.selenium.testcase.BudgetMaster_Creation_TSOA" name="BudgetMaster_validation_save">
    <skipped/>
  </testcase> <!-- BudgetMaster_validation_save -->
  <system-out/>
  <testcase classname="com.ults.selenium.testcase.BudgetMaster_Creation_TSOA" name="Edit_Submit_ViewBudgetMaster">
    <skipped/>
  </testcase> <!-- Edit_Submit_ViewBudgetMaster -->
  <system-out/>
  <testcase classname="com.ults.selenium.testcase.BudgetMaster_Creation_TSOA" name="COSDocument_Upload_Delete_ReUpload_Preview">
    <skipped/>
  </testcase> <!-- COSDocument_Upload_Delete_ReUpload_Preview -->
  <system-out/>
  <testcase classname="com.ults.selenium.testcase.BudgetMaster_Creation_TSOA" name="FileForward_TSSO">
    <skipped/>
  </testcase> <!-- FileForward_TSSO -->
  <system-out/>
</testsuite> <!-- com.ults.selenium.testcase.BudgetMaster_Creation_TSOA -->
