<?xml version="1.0" encoding="UTF-8"?>
<!-- Generated by org.testng.reporters.JUnitReportReporter -->
<testsuite hostname="DESKTOP-G2QF5H9" failures="0" tests="1" name="com.xminds.selenium.testcase.CON021_CON030Test2" time="27.521" errors="0" timestamp="2025-04-10T17:06:55 IST" skipped="0">
  <testcase classname="com.xminds.selenium.testcase.CON021_CON030Test2" name="verifyConnectorPageTest" time="27.521"/>
  <system-out/>
</testsuite> <!-- com.xminds.selenium.testcase.CON021_CON030Test2 -->
