<?xml version="1.0" encoding="UTF-8"?>
<!-- Generated by org.testng.reporters.JUnitReportReporter -->
<testsuite hostname="ULTS-LAP435" failures="0" tests="3" name="com.ults.selenium.testcase.OrdinanceFileCreationTest" time="102.865" errors="0" timestamp="2023-03-31T14:51:33 IST" skipped="0">
  <testcase classname="com.ults.selenium.testcase.OrdinanceFileCreationTest" name="login" time="0.189"/>
  <system-out/>
  <testcase classname="com.ults.selenium.testcase.OrdinanceFileCreationTest" name="ordinanceAcplFileCreation" time="100.248"/>
  <system-out/>
  <testcase classname="com.ults.selenium.testcase.OrdinanceFileCreationTest" name="logout" time="2.428"/>
  <system-out/>
</testsuite> <!-- com.ults.selenium.testcase.OrdinanceFileCreationTest -->
