<?xml version="1.0" encoding="UTF-8"?>
<!-- Generated by org.testng.reporters.JUnitReportReporter -->
<testsuite hostname="ULTS-LAP435" failures="0" tests="3" name="com.ults.selenium.testcase.AttachReqLetterAbill" time="72.189" errors="0" timestamp="2023-05-29T17:22:19 IST" skipped="0">
  <testcase classname="com.ults.selenium.testcase.AttachReqLetterAbill" name="login" time="3.221"/>
  <system-out/>
  <testcase classname="com.ults.selenium.testcase.AttachReqLetterAbill" name="AcplDocRegWithDelay" time="66.781"/>
  <system-out/>
  <testcase classname="com.ults.selenium.testcase.AttachReqLetterAbill" name="logout" time="2.187"/>
  <system-out/>
</testsuite> <!-- com.ults.selenium.testcase.AttachReqLetterAbill -->
