<?xml version="1.0" encoding="UTF-8"?>
<!-- Generated by org.testng.reporters.JUnitReportReporter -->
<testsuite hostname="LAPTOP-3U85U1MP" failures="0" tests="2" name="com.xminds.selenium.testcase.LoginTest" time="29.151" errors="0" timestamp="2025-07-26T20:51:49 IST" skipped="0">
  <testcase classname="com.xminds.selenium.testcase.LoginTest" name="testSuccessfulLogin" time="16.014"/>
  <testcase classname="com.xminds.selenium.testcase.LoginTest" name="testLoginWithBlankUsername" time="13.137"/>
</testsuite> <!-- com.xminds.selenium.testcase.LoginTest -->
