<?xml version="1.0" encoding="UTF-8"?>
<!-- Generated by org.testng.reporters.JUnitReportReporter -->
<testsuite hostname="ULTS-LAP435" failures="0" tests="2" name="com.ults.selenium.testcase.GrlRequestApproveSpeakerTest" time="38.957" errors="0" timestamp="2023-05-26T15:48:01 IST" skipped="0">
  <testcase classname="com.ults.selenium.testcase.GrlRequestApproveSpeakerTest" name="login" time="0.237"/>
  <system-out/>
  <testcase classname="com.ults.selenium.testcase.GrlRequestApproveSpeakerTest" name="GrlRequestApproveSpeaker" time="38.720"/>
  <system-out/>
</testsuite> <!-- com.ults.selenium.testcase.GrlRequestApproveSpeakerTest -->
