<?xml version="1.0" encoding="UTF-8"?>
<!-- Generated by org.testng.reporters.JUnitReportReporter -->
<testsuite hostname="ULTS-LAP435" failures="0" tests="3" name="com.ults.selenium.testcase.OsReport" time="98.628" errors="0" timestamp="2023-04-03T16:06:10 IST" skipped="0">
  <testcase classname="com.ults.selenium.testcase.OsReport" name="login" time="13.307"/>
  <system-out/>
  <testcase classname="com.ults.selenium.testcase.OsReport" name="OsReport" time="85.228"/>
  <system-out/>
  <testcase classname="com.ults.selenium.testcase.OsReport" name="logout" time="0.093"/>
  <system-out/>
</testsuite> <!-- com.ults.selenium.testcase.OsReport -->
