<?xml version="1.0" encoding="UTF-8"?>
<!-- Generated by org.testng.reporters.JUnitReportReporter -->
<testsuite hostname="ULTS-LAP435" failures="0" tests="3" name="com.ults.selenium.testcase.Dept_ReportDocCreationTest" time="91.492" errors="0" timestamp="2023-04-18T15:51:14 IST" skipped="0">
  <testcase classname="com.ults.selenium.testcase.Dept_ReportDocCreationTest" name="login" time="0.330"/>
  <system-out/>
  <testcase classname="com.ults.selenium.testcase.Dept_ReportDocCreationTest" name="ReportDeptDoccreation" time="89.068"/>
  <system-out/>
  <testcase classname="com.ults.selenium.testcase.Dept_ReportDocCreationTest" name="logout" time="2.094"/>
  <system-out/>
</testsuite> <!-- com.ults.selenium.testcase.Dept_ReportDocCreationTest -->
