<?xml version="1.0" encoding="UTF-8"?>
<!-- Generated by org.testng.reporters.JUnitReportReporter -->
<testsuite hostname="LAPTOP-3U85U1MP" failures="0" tests="1" name="com.xminds.selenium.testcase.ProductPageTest" time="10.998" errors="0" timestamp="2025-07-28T02:44:09 IST" skipped="0">
  <testcase classname="com.xminds.selenium.testcase.ProductPageTest" name="verifyConnectorPageTest" time="10.998"/>
</testsuite> <!-- com.xminds.selenium.testcase.ProductPageTest -->
