<?xml version="1.0" encoding="UTF-8"?>
<!-- Generated by org.testng.reporters.JUnitReportReporter -->
<testsuite hostname="ULTS-LAP435" failures="0" tests="3" name="com.ults.selenium.testcase.OsOrdinance" time="119.039" errors="0" timestamp="2023-04-03T14:57:02 IST" skipped="0">
  <testcase classname="com.ults.selenium.testcase.OsOrdinance" name="login" time="35.887"/>
  <system-out/>
  <testcase classname="com.ults.selenium.testcase.OsOrdinance" name="Osordinance" time="82.983"/>
  <system-out/>
  <testcase classname="com.ults.selenium.testcase.OsOrdinance" name="logout" time="0.169"/>
  <system-out/>
</testsuite> <!-- com.ults.selenium.testcase.OsOrdinance -->
