<?xml version="1.0" encoding="UTF-8"?>
<!-- Generated by org.testng.reporters.JUnitReportReporter -->
<testsuite hostname="DESKTOP-G2QF5H9" failures="0" tests="1" name="com.xminds.selenium.testcase.CON021_CON033Test" time="21.084" errors="0" timestamp="2025-04-21T15:16:35 IST" skipped="0">
  <testcase classname="com.xminds.selenium.testcase.CON021_CON033Test" name="verifyConnectorPageTest" time="21.084"/>
  <system-out/>
</testsuite> <!-- com.xminds.selenium.testcase.CON021_CON033Test -->
