<?xml version="1.0" encoding="UTF-8"?>
<!-- Generated by org.testng.reporters.JUnitReportReporter -->
<testsuite hostname="ULTS-LAP435" failures="0" tests="3" name="com.ults.selenium.testcase.SoFileForwardToUS" time="60.400" errors="0" timestamp="2023-03-27T14:14:58 IST" skipped="0">
  <testcase classname="com.ults.selenium.testcase.SoFileForwardToUS" name="login" time="0.184"/>
  <system-out/>
  <testcase classname="com.ults.selenium.testcase.SoFileForwardToUS" name="AcplFileForward" time="58.154"/>
  <system-out/>
  <testcase classname="com.ults.selenium.testcase.SoFileForwardToUS" name="logout" time="2.062"/>
  <system-out/>
</testsuite> <!-- com.ults.selenium.testcase.SoFileForwardToUS -->
