<?xml version="1.0" encoding="UTF-8"?>
<!-- Generated by org.testng.reporters.JUnitReportReporter -->
<testsuite hostname="ULTS-LAP322" failures="0" tests="8" name="com.ults.selenium.testcase.Acix_03_AttendanceUI_Validation" time="31.246" errors="0" timestamp="2024-07-03T17:42:05 IST" skipped="0">
  <testcase classname="com.ults.selenium.testcase.Acix_03_AttendanceUI_Validation" name="login" time="10.749"/>
  <system-out/>
  <testcase classname="com.ults.selenium.testcase.Acix_03_AttendanceUI_Validation" name="submenu" time="6.693"/>
  <system-out/>
  <testcase classname="com.ults.selenium.testcase.Acix_03_AttendanceUI_Validation" name="Verify_Attendace_CalendarViewScreen" time="2.408"/>
  <system-out/>
  <testcase classname="com.ults.selenium.testcase.Acix_03_AttendanceUI_Validation" name="Verify_Attendace_DeptOrg_DaysScreen" time="2.363"/>
  <system-out/>
  <testcase classname="com.ults.selenium.testcase.Acix_03_AttendanceUI_Validation" name="Verify_Attendace_DeptOrg_HoursScreen" time="2.340"/>
  <system-out/>
  <testcase classname="com.ults.selenium.testcase.Acix_03_AttendanceUI_Validation" name="Verify_Attendace_LateArrivalsAndAbsenteeismScreen" time="2.254"/>
  <system-out/>
  <testcase classname="com.ults.selenium.testcase.Acix_03_AttendanceUI_Validation" name="Verify_Attendace_TopLatecomersAndAbsenteesScreen" time="2.227"/>
  <system-out/>
  <testcase classname="com.ults.selenium.testcase.Acix_03_AttendanceUI_Validation" name="Verify_Attendace_UserWiseScreen" time="2.212"/>
  <system-out/>
</testsuite> <!-- com.ults.selenium.testcase.Acix_03_AttendanceUI_Validation -->
