<?xml version="1.0" encoding="UTF-8"?>
<!-- Generated by org.testng.reporters.JUnitReportReporter -->
<testsuite hostname="DESKTOP-G2QF5H9" failures="0" tests="1" name="com.xminds.selenium.testcase.UserenableTest" time="59.695" errors="0" timestamp="2025-04-07T11:02:18 IST" skipped="0">
  <testcase classname="com.xminds.selenium.testcase.UserenableTest" name="NewusersPageTest" time="59.695"/>
  <system-out/>
</testsuite> <!-- com.xminds.selenium.testcase.UserenableTest -->
