<?xml version="1.0" encoding="UTF-8"?>
<!-- Generated by org.testng.reporters.JUnitReportReporter -->
<testsuite hostname="ULTS-LAP435" failures="0" tests="3" name="com.ults.selenium.testcase.SROAcplFileForwardToUsTest" time="63.071" errors="0" timestamp="2023-04-03T15:20:28 IST" skipped="0">
  <testcase classname="com.ults.selenium.testcase.SROAcplFileForwardToUsTest" name="login" time="0.206"/>
  <system-out/>
  <testcase classname="com.ults.selenium.testcase.SROAcplFileForwardToUsTest" name="AcplFileForward" time="60.790"/>
  <system-out/>
  <testcase classname="com.ults.selenium.testcase.SROAcplFileForwardToUsTest" name="logout" time="2.075"/>
  <system-out/>
</testsuite> <!-- com.ults.selenium.testcase.SROAcplFileForwardToUsTest -->
