<?xml version="1.0" encoding="UTF-8"?>
<!-- Generated by org.testng.reporters.JUnitReportReporter -->
<testsuite hostname="ULTS-LAP435" failures="0" tests="3" name="com.ults.selenium.testcase.AcplFileForwardToUsTest" time="63.354" errors="0" timestamp="2023-03-03T12:03:57 IST" skipped="0">
  <testcase classname="com.ults.selenium.testcase.AcplFileForwardToUsTest" name="login" time="0.182"/>
  <system-out/>
  <testcase classname="com.ults.selenium.testcase.AcplFileForwardToUsTest" name="AcplFileForward" time="61.110"/>
  <system-out/>
  <testcase classname="com.ults.selenium.testcase.AcplFileForwardToUsTest" name="logout" time="2.062"/>
  <system-out/>
</testsuite> <!-- com.ults.selenium.testcase.AcplFileForwardToUsTest -->
