<?xml version="1.0" encoding="UTF-8"?>
<!-- Generated by org.testng.reporters.JUnitReportReporter -->
<testsuite hostname="ULTS-LAP435" failures="0" tests="2" name="com.ults.selenium.testcase.GrlRequestForwardDsToJsBillTest" time="45.997" errors="0" timestamp="2023-05-26T15:44:55 IST" skipped="0">
  <testcase classname="com.ults.selenium.testcase.GrlRequestForwardDsToJsBillTest" name="login" time="0.236"/>
  <system-out/>
  <testcase classname="com.ults.selenium.testcase.GrlRequestForwardDsToJsBillTest" name="GrlRequestFrJs" time="45.761"/>
  <system-out/>
</testsuite> <!-- com.ults.selenium.testcase.GrlRequestForwardDsToJsBillTest -->
