<?xml version="1.0" encoding="UTF-8"?>
<!-- Generated by org.testng.reporters.JUnitReportReporter -->
<testsuite hostname="LAPTOP-3U85U1MP" failures="0" tests="1" name="com.xminds.selenium.testcase.ProductPageTest" time="8.338" errors="0" timestamp="2025-07-26T21:07:01 IST" skipped="0">
  <testcase classname="com.xminds.selenium.testcase.ProductPageTest" name="verifyConnectorPageTest" time="8.338"/>
</testsuite> <!-- com.xminds.selenium.testcase.ProductPageTest -->
