<?xml version="1.0" encoding="UTF-8"?>
<!-- Generated by org.testng.reporters.JUnitReportReporter -->
<testsuite hostname="ULTS-LAP435" failures="0" tests="3" name="com.ults.selenium.testcase.ForwardReqLetterSAtoSO" time="68.697" errors="0" timestamp="2023-05-29T17:24:25 IST" skipped="0">
  <testcase classname="com.ults.selenium.testcase.ForwardReqLetterSAtoSO" name="login" time="3.221"/>
  <system-out/>
  <testcase classname="com.ults.selenium.testcase.ForwardReqLetterSAtoSO" name="AcplDocRegWithDelay" time="63.330"/>
  <system-out/>
  <testcase classname="com.ults.selenium.testcase.ForwardReqLetterSAtoSO" name="logout" time="2.146"/>
  <system-out/>
</testsuite> <!-- com.ults.selenium.testcase.ForwardReqLetterSAtoSO -->
