<?xml version="1.0" encoding="UTF-8"?>
<!-- Generated by org.testng.reporters.JUnitReportReporter -->
<testsuite hostname="ULTS-LAP435" failures="0" tests="3" name="com.ults.selenium.testcase.AcplDocRegTest" time="63.375" errors="0" timestamp="2023-03-27T13:46:21 IST" skipped="0">
  <testcase classname="com.ults.selenium.testcase.AcplDocRegTest" name="login" time="0.291"/>
  <system-out/>
  <testcase classname="com.ults.selenium.testcase.AcplDocRegTest" name="AcplDocRegWithDelay" time="60.981"/>
  <system-out/>
  <testcase classname="com.ults.selenium.testcase.AcplDocRegTest" name="logout" time="2.103"/>
  <system-out/>
</testsuite> <!-- com.ults.selenium.testcase.AcplDocRegTest -->
