<?xml version="1.0" encoding="UTF-8"?>
<!-- Generated by org.testng.reporters.JUnitReportReporter -->
<testsuite hostname="ULTS-LAP435" failures="0" tests="3" name="com.ults.selenium.testcase.CorrectionRequestDeptReportRegistrationTest" time="113.838" errors="0" timestamp="2023-03-31T15:00:42 IST" skipped="0">
  <testcase classname="com.ults.selenium.testcase.CorrectionRequestDeptReportRegistrationTest" name="login" time="0.272"/>
  <system-out/>
  <testcase classname="com.ults.selenium.testcase.CorrectionRequestDeptReportRegistrationTest" name="correctionRequestDeptDocRegistration" time="111.077"/>
  <system-out/>
  <testcase classname="com.ults.selenium.testcase.CorrectionRequestDeptReportRegistrationTest" name="logout" time="2.489"/>
  <system-out/>
</testsuite> <!-- com.ults.selenium.testcase.CorrectionRequestDeptReportRegistrationTest -->
