<?xml version="1.0" encoding="UTF-8"?>
<!-- Generated by org.testng.reporters.JUnitReportReporter -->
<testsuite hostname="LAPTOP-3U85U1MP" failures="0" tests="1" name="com.xminds.selenium.testcase.SignUp" time="14.813" errors="0" timestamp="2025-07-28T03:28:14 IST" skipped="0">
  <testcase classname="com.xminds.selenium.testcase.SignUp" name="verifyDemoBlazePageTest" time="14.813"/>
</testsuite> <!-- com.xminds.selenium.testcase.SignUp -->
