<?xml version="1.0" encoding="UTF-8"?>
<!-- Generated by org.testng.reporters.JUnitReportReporter -->
<testsuite hostname="DESKTOP-G2QF5H9" failures="0" tests="1" name="com.xminds.selenium.testcase.CC001Test" time="27.740" errors="0" timestamp="2025-03-25T14:41:48 IST" skipped="0">
  <testcase classname="com.xminds.selenium.testcase.CC001Test" name="companyPageVerifyTest" time="27.740"/>
  <system-out/>
</testsuite> <!-- com.xminds.selenium.testcase.CC001Test -->
