<?xml version="1.0" encoding="UTF-8"?>
<!-- Generated by org.testng.reporters.JUnitReportReporter -->
<testsuite hostname="ULTS-LAP435" failures="0" tests="3" name="com.ults.selenium.testcase.CorrespondenceCreationAssistant" time="74.087" errors="0" timestamp="2023-04-11T12:23:29 IST" skipped="0">
  <testcase classname="com.ults.selenium.testcase.CorrespondenceCreationAssistant" name="login" time="0.189"/>
  <system-out/>
  <testcase classname="com.ults.selenium.testcase.CorrespondenceCreationAssistant" name="CorrespondenceCreationAssistant" time="73.809"/>
  <system-out/>
  <testcase classname="com.ults.selenium.testcase.CorrespondenceCreationAssistant" name="logout" time="0.089"/>
  <system-out/>
</testsuite> <!-- com.ults.selenium.testcase.CorrespondenceCreationAssistant -->
