<?xml version="1.0" encoding="UTF-8"?>
<!-- Generated by org.testng.reporters.JUnitReportReporter -->
<testsuite hostname="DESKTOP-G2QF5H9" failures="0" tests="1" name="com.xminds.selenium.testcase.DashboardAPITest" time="2.984" errors="0" timestamp="2025-03-12T19:30:55 IST" skipped="0">
  <testcase classname="com.xminds.selenium.testcase.DashboardAPITest" name="testCompanyDashboardAPI" time="2.984"/>
  <system-out/>
</testsuite> <!-- com.xminds.selenium.testcase.DashboardAPITest -->
