<?xml version="1.0" encoding="UTF-8"?>
<!-- Generated by org.testng.reporters.JUnitReportReporter -->
<testsuite hostname="ULTS-LAP435" failures="0" tests="2" name="com.ults.selenium.testcase.ListApprovalWithOrdinance" time="112.487" errors="0" timestamp="2023-04-14T10:08:03 IST" skipped="0">
  <testcase classname="com.ults.selenium.testcase.ListApprovalWithOrdinance" name="DocumentListpreparationACPL" time="70.666"/>
  <system-out/>
  <testcase classname="com.ults.selenium.testcase.ListApprovalWithOrdinance" name="USCPLFileApproval" time="41.821"/>
  <system-out/>
</testsuite> <!-- com.ults.selenium.testcase.ListApprovalWithOrdinance -->
