<?xml version="1.0" encoding="UTF-8"?>
<!-- Generated by org.testng.reporters.JUnitReportReporter -->
<testsuite hostname="ULTS-LAP435" failures="0" tests="3" name="com.ults.selenium.testcase.OrdinanceAcplDocCreationTest" time="91.862" errors="0" timestamp="2023-04-14T11:30:09 IST" skipped="0">
  <testcase classname="com.ults.selenium.testcase.OrdinanceAcplDocCreationTest" name="login" time="0.232"/>
  <system-out/>
  <testcase classname="com.ults.selenium.testcase.OrdinanceAcplDocCreationTest" name="AcplDocRegWithDelay" time="89.065"/>
  <system-out/>
  <testcase classname="com.ults.selenium.testcase.OrdinanceAcplDocCreationTest" name="logout" time="2.565"/>
  <system-out/>
</testsuite> <!-- com.ults.selenium.testcase.OrdinanceAcplDocCreationTest -->
