<?xml version="1.0" encoding="UTF-8"?>
<!-- Generated by org.testng.reporters.JUnitReportReporter -->
<testsuite hostname="ULTS-LAP435" failures="0" tests="3" name="com.ults.selenium.testcase.ReportAcplFileCreationTest" time="102.596" errors="0" timestamp="2023-04-12T16:09:14 IST" skipped="0">
  <testcase classname="com.ults.selenium.testcase.ReportAcplFileCreationTest" name="login" time="0.235"/>
  <system-out/>
  <testcase classname="com.ults.selenium.testcase.ReportAcplFileCreationTest" name="reportAcplFileCreation" time="99.963"/>
  <system-out/>
  <testcase classname="com.ults.selenium.testcase.ReportAcplFileCreationTest" name="logout" time="2.398"/>
  <system-out/>
</testsuite> <!-- com.ults.selenium.testcase.ReportAcplFileCreationTest -->
