<?xml version="1.0" encoding="UTF-8"?>
<!-- Generated by org.testng.reporters.JUnitReportReporter -->
<testsuite hostname="ULTS-LAP435" failures="0" tests="7" name="com.ults.selenium.testcase.Budget_TSOA_MasterCreation" time="77.955" errors="0" timestamp="2023-05-29T17:11:28 IST" skipped="0">
  <testcase classname="com.ults.selenium.testcase.Budget_TSOA_MasterCreation" name="login" time="13.012"/>
  <system-out/>
  <testcase classname="com.ults.selenium.testcase.Budget_TSOA_MasterCreation" name="BudgetMaster_validation_save" time="19.821"/>
  <system-out/>
  <testcase classname="com.ults.selenium.testcase.Budget_TSOA_MasterCreation" name="Edit_Submit_ViewBudgetMaster" time="10.847"/>
  <system-out/>
  <testcase classname="com.ults.selenium.testcase.Budget_TSOA_MasterCreation" name="FileCreation" time="12.564"/>
  <system-out/>
  <testcase classname="com.ults.selenium.testcase.Budget_TSOA_MasterCreation" name="COSDocument_Upload_Delete_ReUpload_Preview" time="19.632"/>
  <system-out/>
  <testcase classname="com.ults.selenium.testcase.Budget_TSOA_MasterCreation" name="FileForward_TSSO" time="1.252"/>
  <system-out/>
  <testcase classname="com.ults.selenium.testcase.Budget_TSOA_MasterCreation" name="logout" time="0.827"/>
  <system-out/>
</testsuite> <!-- com.ults.selenium.testcase.Budget_TSOA_MasterCreation -->
