<?xml version="1.0" encoding="UTF-8"?>
<!-- Generated by org.testng.reporters.JUnitReportReporter -->
<testsuite hostname="ULTS-LAP435" failures="0" tests="5" name="com.ults.selenium.testcase.ReturnFlow_ordinance" time="80.174" errors="0" timestamp="2023-04-03T14:57:02 IST" skipped="0">
  <testcase classname="com.ults.selenium.testcase.ReturnFlow_ordinance" name="login_SO" time="40.374"/>
  <system-out/>
  <testcase classname="com.ults.selenium.testcase.ReturnFlow_ordinance" name="Return_OS_Doc" time="23.127"/>
  <system-out/>
  <testcase classname="com.ults.selenium.testcase.ReturnFlow_ordinance" name="logout" time="0.133"/>
  <system-out/>
  <testcase classname="com.ults.selenium.testcase.ReturnFlow_ordinance" name="login" time="0.307"/>
  <system-out/>
  <testcase classname="com.ults.selenium.testcase.ReturnFlow_ordinance" name="OS_ReturnDoc_Status" time="16.233"/>
  <system-out/>
</testsuite> <!-- com.ults.selenium.testcase.ReturnFlow_ordinance -->
