<?xml version="1.0" encoding="UTF-8"?>
<!-- Generated by org.testng.reporters.JUnitReportReporter -->
<testsuite hostname="DESKTOP-G2QF5H9" failures="0" tests="5" name="com.xminds.selenium.testcase.DH023_DH040Test" time="65.746" errors="0" timestamp="2025-04-22T10:14:30 IST" skipped="0">
  <testcase classname="com.xminds.selenium.testcase.DH023_DH040Test" name="privacyLinkTest" time="18.038"/>
  <system-out/>
  <testcase classname="com.xminds.selenium.testcase.DH023_DH040Test" name="termsLinkTestYear" time="15.450"/>
  <system-out/>
  <testcase classname="com.xminds.selenium.testcase.DH023_DH040Test" name="datacollconneLinkTest" time="11.606"/>
  <system-out/>
  <testcase classname="com.xminds.selenium.testcase.DH023_DH040Test" name="settingsbuttonTest" time="11.345"/>
  <system-out/>
  <testcase classname="com.xminds.selenium.testcase.DH023_DH040Test" name="userMenuLinkTest" time="9.307"/>
  <system-out/>
</testsuite> <!-- com.xminds.selenium.testcase.DH023_DH040Test -->
