<?xml version="1.0" encoding="UTF-8"?>
<!-- Generated by org.testng.reporters.JUnitReportReporter -->
<testsuite hostname="DESKTOP-G2QF5H9" failures="0" tests="3" name="com.xminds.selenium.testcase.CC009_CC025Test" time="219.435" errors="0" timestamp="2025-04-15T18:11:35 IST" skipped="0">
  <testcase classname="com.xminds.selenium.testcase.CC009_CC025Test" name="companyCreationTest" time="78.819"/>
  <system-out/>
  <testcase classname="com.xminds.selenium.testcase.CC009_CC025Test" name="companydifferentAccountTest" time="116.029"/>
  <system-out/>
  <testcase classname="com.xminds.selenium.testcase.CC009_CC025Test" name="changeAccountTest" time="24.587"/>
  <system-out/>
</testsuite> <!-- com.xminds.selenium.testcase.CC009_CC025Test -->
