<?xml version="1.0" encoding="UTF-8"?>
<!-- Generated by org.testng.reporters.JUnitReportReporter -->
<testsuite hostname="ULTS-LAP435" failures="0" tests="2" name="com.ults.selenium.testcase.LobAndMarkAsLaid" time="98.596" errors="0" timestamp="2023-04-14T10:13:48 IST" skipped="0">
  <testcase classname="com.ults.selenium.testcase.LobAndMarkAsLaid" name="DocumentListpreparationACPL" time="57.435"/>
  <system-out/>
  <testcase classname="com.ults.selenium.testcase.LobAndMarkAsLaid" name="DSCPLMarkAsLaid" time="41.161"/>
  <system-out/>
</testsuite> <!-- com.ults.selenium.testcase.LobAndMarkAsLaid -->
