<?xml version="1.0" encoding="UTF-8"?>
<!-- Generated by org.testng.reporters.JUnitReportReporter -->
<testsuite hostname="ULTS-LAP435" failures="0" tests="3" name="com.ults.selenium.testcase.OrdinanceFileForwardToUsTest" time="78.605" errors="0" timestamp="2023-03-31T14:51:33 IST" skipped="0">
  <testcase classname="com.ults.selenium.testcase.OrdinanceFileForwardToUsTest" name="login" time="0.257"/>
  <system-out/>
  <testcase classname="com.ults.selenium.testcase.OrdinanceFileForwardToUsTest" name="AcplFileForward" time="75.951"/>
  <system-out/>
  <testcase classname="com.ults.selenium.testcase.OrdinanceFileForwardToUsTest" name="logout" time="2.397"/>
  <system-out/>
</testsuite> <!-- com.ults.selenium.testcase.OrdinanceFileForwardToUsTest -->
