<?xml version="1.0" encoding="UTF-8"?>
<!-- Generated by org.testng.reporters.JUnitReportReporter -->
<testsuite hostname="DESKTOP-G2QF5H9" failures="0" tests="1" name="com.xminds.selenium.testcase.DashboardAPITest$DatazoomAPITest" time="6.258" errors="0" timestamp="2025-03-17T17:44:46 IST" skipped="0">
  <testcase classname="com.xminds.selenium.testcase.DashboardAPITest$DatazoomAPITest" name="testCompanyDashboardSummaryAPI" time="6.258"/>
  <system-out/>
</testsuite> <!-- com.xminds.selenium.testcase.DashboardAPITest$DatazoomAPITest -->
