<?xml version="1.0" encoding="UTF-8"?>
<!-- Generated by org.testng.reporters.JUnitReportReporter -->
<testsuite hostname="ULTS-LAP435" failures="0" tests="3" name="com.ults.selenium.testcase.SROAcplFileCreationTest" time="86.730" errors="0" timestamp="2023-04-03T15:20:28 IST" skipped="0">
  <testcase classname="com.ults.selenium.testcase.SROAcplFileCreationTest" name="login" time="0.253"/>
  <system-out/>
  <testcase classname="com.ults.selenium.testcase.SROAcplFileCreationTest" name="AcplFileCreation" time="84.418"/>
  <system-out/>
  <testcase classname="com.ults.selenium.testcase.SROAcplFileCreationTest" name="logout" time="2.059"/>
  <system-out/>
</testsuite> <!-- com.ults.selenium.testcase.SROAcplFileCreationTest -->
