<?xml version="1.0" encoding="UTF-8"?>
<!-- Generated by org.testng.reporters.JUnitReportReporter -->
<testsuite hostname="ULTS-LAP322" failures="0" tests="7" name="com.ults.selenium.testcase.Feature_01_SlabCreation" time="36.531" errors="0" timestamp="2024-06-26T13:19:30 IST" skipped="3">
  <testcase classname="com.ults.selenium.testcase.Feature_01_SlabCreation" name="login" time="1.868"/>
  <system-out/>
  <testcase classname="com.ults.selenium.testcase.Feature_01_SlabCreation" name="submenu" time="2.802"/>
  <system-out/>
  <testcase classname="com.ults.selenium.testcase.Feature_01_SlabCreation" name="LicenseEdit" time="29.313"/>
  <system-out/>
  <testcase classname="com.ults.selenium.testcase.Feature_01_SlabCreation" name="logout" time="2.548"/>
  <system-out/>
  <testcase classname="com.ults.selenium.testcase.Feature_01_SlabCreation" name="LicenseCreation">
    <skipped/>
  </testcase> <!-- LicenseCreation -->
  <system-out/>
  <testcase classname="com.ults.selenium.testcase.Feature_01_SlabCreation" name="LicenseApproval">
    <skipped/>
  </testcase> <!-- LicenseApproval -->
  <system-out/>
  <testcase classname="com.ults.selenium.testcase.Feature_01_SlabCreation" name="SlabCreation">
    <skipped/>
  </testcase> <!-- SlabCreation -->
  <system-out/>
</testsuite> <!-- com.ults.selenium.testcase.Feature_01_SlabCreation -->
