<?xml version="1.0" encoding="UTF-8"?>
<!-- Generated by org.testng.reporters.JUnitReportReporter -->
<testsuite hostname="ULTS-LAP435" failures="0" tests="5" name="com.ults.selenium.testcase.ReturnFlow_SRO" time="42.100" errors="0" timestamp="2023-04-03T16:55:05 IST" skipped="0">
  <testcase classname="com.ults.selenium.testcase.ReturnFlow_SRO" name="login_SO" time="0.230"/>
  <system-out/>
  <testcase classname="com.ults.selenium.testcase.ReturnFlow_SRO" name="Return_OS_Doc" time="24.989"/>
  <system-out/>
  <testcase classname="com.ults.selenium.testcase.ReturnFlow_SRO" name="login" time="0.350"/>
  <system-out/>
  <testcase classname="com.ults.selenium.testcase.ReturnFlow_SRO" name="OS_ReturnDoc_Status" time="16.382"/>
  <system-out/>
  <testcase classname="com.ults.selenium.testcase.ReturnFlow_SRO" name="logout" time="0.149"/>
  <system-out/>
</testsuite> <!-- com.ults.selenium.testcase.ReturnFlow_SRO -->
