<?xml version="1.0" encoding="UTF-8"?>
<!-- Generated by org.testng.reporters.JUnitReportReporter -->
<testsuite hostname="ULTS-LAP435" failures="0" tests="2" name="com.ults.selenium.testcase.GrlRequestForwardJsToSecretaryTest" time="46.753" errors="0" timestamp="2023-05-26T15:46:11 IST" skipped="0">
  <testcase classname="com.ults.selenium.testcase.GrlRequestForwardJsToSecretaryTest" name="login" time="0.292"/>
  <system-out/>
  <testcase classname="com.ults.selenium.testcase.GrlRequestForwardJsToSecretaryTest" name="GrlRequestFrSecretary" time="46.461"/>
  <system-out/>
</testsuite> <!-- com.ults.selenium.testcase.GrlRequestForwardJsToSecretaryTest -->
