<?xml version="1.0" encoding="UTF-8"?>
<!-- Generated by org.testng.reporters.JUnitReportReporter -->
<testsuite hostname="ULTS-LAP435" failures="0" tests="2" name="com.ults.selenium.testcase.AmendmentSocplTest" time="75.899" errors="0" timestamp="2023-03-31T14:33:32 IST" skipped="0">
  <testcase classname="com.ults.selenium.testcase.AmendmentSocplTest" name="amendmentSocpl" time="73.803"/>
  <system-out/>
  <testcase classname="com.ults.selenium.testcase.AmendmentSocplTest" name="logout" time="2.096"/>
  <system-out/>
</testsuite> <!-- com.ults.selenium.testcase.AmendmentSocplTest -->
