<?xml version="1.0" encoding="UTF-8"?>
<!-- Generated by org.testng.reporters.JUnitReportReporter -->
<testsuite hostname="ULTS-LAP435" failures="0" tests="3" name="com.ults.selenium.testcase.ActRegistrationFileCreationForwardToUsTest" time="96.251" errors="0" timestamp="2023-03-31T15:03:59 IST" skipped="0">
  <testcase classname="com.ults.selenium.testcase.ActRegistrationFileCreationForwardToUsTest" name="login" time="0.433"/>
  <system-out/>
  <testcase classname="com.ults.selenium.testcase.ActRegistrationFileCreationForwardToUsTest" name="actAcplRegistration" time="93.414"/>
  <system-out/>
  <testcase classname="com.ults.selenium.testcase.ActRegistrationFileCreationForwardToUsTest" name="logout" time="2.404"/>
  <system-out/>
</testsuite> <!-- com.ults.selenium.testcase.ActRegistrationFileCreationForwardToUsTest -->
