<?xml version="1.0" encoding="UTF-8"?>
<!-- Generated by org.testng.reporters.JUnitReportReporter -->
<testsuite hostname="LAPTOP-3U85U1MP" failures="0" tests="1" name="com.xminds.selenium.testcase.DH001_DH013Test" time="10.094" errors="0" timestamp="2025-04-25T15:41:43 IST" skipped="0">
  <testcase classname="com.xminds.selenium.testcase.DH001_DH013Test" name="dashboardVerifyTest" time="10.094"/>
</testsuite> <!-- com.xminds.selenium.testcase.DH001_DH013Test -->
