<?xml version="1.0" encoding="UTF-8"?>
<!-- Generated by org.testng.reporters.JUnitReportReporter -->
<testsuite hostname="DESKTOP-G2QF5H9" failures="0" tests="1" name="com.xminds.selenium.testcase.CompanyCreationTest" time="19.067" errors="0" timestamp="2025-04-15T18:21:28 IST" skipped="0">
  <testcase classname="com.xminds.selenium.testcase.CompanyCreationTest" name="companyCreationTest" time="19.067"/>
  <system-out/>
</testsuite> <!-- com.xminds.selenium.testcase.CompanyCreationTest -->
