<?xml version="1.0" encoding="UTF-8"?>
<!-- Generated by org.testng.reporters.JUnitReportReporter -->
<testsuite hostname="ULTS-LAP435" failures="0" tests="2" name="com.ults.selenium.testcase.EditOrdinance" time="94.818" errors="0" timestamp="2023-04-14T11:30:09 IST" skipped="0">
  <testcase classname="com.ults.selenium.testcase.EditOrdinance" name="login" time="0.163"/>
  <system-out/>
  <testcase classname="com.ults.selenium.testcase.EditOrdinance" name="AcplFileCreation" time="94.655"/>
  <system-out/>
</testsuite> <!-- com.ults.selenium.testcase.EditOrdinance -->
