<?xml version="1.0" encoding="UTF-8"?>
<!-- Generated by org.testng.reporters.JUnitReportReporter -->
<testsuite hostname="ULTS-LAP435" failures="0" tests="2" name="com.ults.selenium.testcase.FinanceUserRequestLetterCorrespondence" time="48.705" errors="0" timestamp="2023-05-26T15:59:13 IST" skipped="0">
  <testcase classname="com.ults.selenium.testcase.FinanceUserRequestLetterCorrespondence" name="viewRequestLetterPrintPreview" time="27.800"/>
  <system-out/>
  <testcase classname="com.ults.selenium.testcase.FinanceUserRequestLetterCorrespondence" name="creatingCorrespondencetemplate" time="20.905"/>
  <system-out/>
</testsuite> <!-- com.ults.selenium.testcase.FinanceUserRequestLetterCorrespondence -->
