<?xml version="1.0" encoding="UTF-8"?>
<!-- Generated by org.testng.reporters.JUnitReportReporter -->
<testsuite hostname="ULTS-LAP435" failures="0" tests="6" name="com.ults.selenium.testcase.BulletinForwardAndApproval" time="122.742" errors="0" timestamp="2023-05-26T16:16:39 IST" skipped="4">
  <testcase classname="com.ults.selenium.testcase.BulletinForwardAndApproval" name="bulletinFileSecretaryEditAndForwardToSpeaker" time="74.710"/>
  <system-out/>
  <testcase classname="com.ults.selenium.testcase.BulletinForwardAndApproval" name="bulletinFileApprovalBySpeaker" time="48.032"/>
  <system-out/>
  <testcase classname="com.ults.selenium.testcase.BulletinForwardAndApproval" name="bulletinFileForwardtoSecretary">
    <skipped/>
  </testcase> <!-- bulletinFileForwardtoSecretary -->
  <system-out/>
  <testcase classname="com.ults.selenium.testcase.BulletinForwardAndApproval" name="bulletinFileForwardtoJsBill">
    <skipped/>
  </testcase> <!-- bulletinFileForwardtoJsBill -->
  <system-out/>
  <testcase classname="com.ults.selenium.testcase.BulletinForwardAndApproval" name="bulletinFileForwardtoUsBill">
    <skipped/>
  </testcase> <!-- bulletinFileForwardtoUsBill -->
  <system-out/>
  <testcase classname="com.ults.selenium.testcase.BulletinForwardAndApproval" name="bulletinFileForwardtoDsBill">
    <skipped/>
  </testcase> <!-- bulletinFileForwardtoDsBill -->
  <system-out/>
</testsuite> <!-- com.ults.selenium.testcase.BulletinForwardAndApproval -->
