<?xml version="1.0" encoding="UTF-8"?>
<!-- Generated by org.testng.reporters.JUnitReportReporter -->
<testsuite hostname="DESKTOP-G2QF5H9" failures="0" tests="3" name="com.xminds.selenium.testcase.ForgotPassTest" time="17.372" errors="0" timestamp="2025-03-10T15:59:21 IST" skipped="0">
  <testcase classname="com.xminds.selenium.testcase.ForgotPassTest" name="TS026_TS029" time="3.940"/>
  <system-out/>
  <testcase classname="com.xminds.selenium.testcase.ForgotPassTest" name="TS030_TS031" time="8.699"/>
  <system-out/>
  <testcase classname="com.xminds.selenium.testcase.ForgotPassTest" name="TS032" time="4.733"/>
  <system-out/>
</testsuite> <!-- com.xminds.selenium.testcase.ForgotPassTest -->
