<?xml version="1.0" encoding="UTF-8"?>
<!-- Generated by org.testng.reporters.JUnitReportReporter -->
<testsuite hostname="LAPTOP-3U85U1MP" failures="0" tests="1" name="com.xminds.selenium.testcase.SignUpPageTest" time="8.543" errors="0" timestamp="2025-04-24T15:26:59 IST" skipped="0">
  <testcase classname="com.xminds.selenium.testcase.SignUpPageTest" name="TS018_TS025" time="8.543"/>
</testsuite> <!-- com.xminds.selenium.testcase.SignUpPageTest -->
