<?xml version="1.0" encoding="UTF-8"?>
<!-- Generated by org.testng.reporters.JUnitReportReporter -->
<testsuite hostname="ULTS-LAP435" failures="0" tests="3" name="com.ults.selenium.testcase.CreateDraftBulletinAndForwardToSOBILL" time="101.567" errors="0" timestamp="2023-05-26T16:06:52 IST" skipped="0">
  <testcase classname="com.ults.selenium.testcase.CreateDraftBulletinAndForwardToSOBILL" name="creatingAttachToFile" time="32.190"/>
  <system-out/>
  <testcase classname="com.ults.selenium.testcase.CreateDraftBulletinAndForwardToSOBILL" name="creatingDraftBulletin" time="61.649"/>
  <system-out/>
  <testcase classname="com.ults.selenium.testcase.CreateDraftBulletinAndForwardToSOBILL" name="bulletinFileForwardtoSoBill" time="7.728"/>
  <system-out/>
</testsuite> <!-- com.ults.selenium.testcase.CreateDraftBulletinAndForwardToSOBILL -->
