<?xml version="1.0" encoding="UTF-8"?>
<!-- Generated by org.testng.reporters.JUnitReportReporter -->
<testsuite hostname="ULTS-LAP435" failures="0" tests="3" name="com.ults.selenium.testcase.SROAcplDocCreation_Withoutdelay" time="40.153" errors="0" timestamp="2023-04-14T10:20:28 IST" skipped="0">
  <testcase classname="com.ults.selenium.testcase.SROAcplDocCreation_Withoutdelay" name="login" time="0.219"/>
  <system-out/>
  <testcase classname="com.ults.selenium.testcase.SROAcplDocCreation_Withoutdelay" name="AcplDocRegWithoutDelay" time="39.822"/>
  <system-out/>
  <testcase classname="com.ults.selenium.testcase.SROAcplDocCreation_Withoutdelay" name="logout" time="0.112"/>
  <system-out/>
</testsuite> <!-- com.ults.selenium.testcase.SROAcplDocCreation_Withoutdelay -->
