<?xml version="1.0" encoding="UTF-8"?>
<!-- Generated by org.testng.reporters.JUnitReportReporter -->
<testsuite hostname="DESKTOP-G2QF5H9" failures="0" tests="1" name="com.xminds.selenium.testcase.UC017_UC027Test" time="63.611" errors="0" timestamp="2025-04-07T10:55:47 IST" skipped="0">
  <testcase classname="com.xminds.selenium.testcase.UC017_UC027Test" name="NewusersPageTest" time="63.611"/>
  <system-out/>
</testsuite> <!-- com.xminds.selenium.testcase.UC017_UC027Test -->
