<?xml version="1.0" encoding="UTF-8"?>
<!-- Generated by org.testng.reporters.JUnitReportReporter -->
<testsuite hostname="DESKTOP-G2QF5H9" failures="0" tests="1" name="com.xminds.selenium.testcase.CON001_CON020Test" time="33.771" errors="0" timestamp="2025-04-21T15:14:47 IST" skipped="0">
  <testcase classname="com.xminds.selenium.testcase.CON001_CON020Test" name="verifyConnectorPageTest" time="33.771"/>
  <system-out/>
</testsuite> <!-- com.xminds.selenium.testcase.CON001_CON020Test -->
