<?xml version="1.0" encoding="UTF-8"?>
<!-- Generated by org.testng.reporters.JUnitReportReporter -->
<testsuite hostname="ULTS-LAP435" failures="0" tests="3" name="com.ults.selenium.testcase.CorrespondenceFileCreation" time="79.393" errors="0" timestamp="2023-04-05T16:11:47 IST" skipped="0">
  <testcase classname="com.ults.selenium.testcase.CorrespondenceFileCreation" name="login" time="0.328"/>
  <system-out/>
  <testcase classname="com.ults.selenium.testcase.CorrespondenceFileCreation" name="CorrespondenceFileCreation" time="78.960"/>
  <system-out/>
  <testcase classname="com.ults.selenium.testcase.CorrespondenceFileCreation" name="logout" time="0.105"/>
  <system-out/>
</testsuite> <!-- com.ults.selenium.testcase.CorrespondenceFileCreation -->
