<?xml version="1.0" encoding="UTF-8"?>
<!-- Generated by org.testng.reporters.JUnitReportReporter -->
<testsuite hostname="ULTS-LAP435" failures="0" tests="2" name="com.ults.selenium.testcase.AmendmentDscplTest" time="67.166" errors="0" timestamp="2023-03-31T14:33:31 IST" skipped="0">
  <testcase classname="com.ults.selenium.testcase.AmendmentDscplTest" name="amendmentDscpl" time="65.051"/>
  <system-out/>
  <testcase classname="com.ults.selenium.testcase.AmendmentDscplTest" name="logout" time="2.115"/>
  <system-out/>
</testsuite> <!-- com.ults.selenium.testcase.AmendmentDscplTest -->
