<?xml version="1.0" encoding="UTF-8"?>
<!-- Generated by org.testng.reporters.JUnitReportReporter -->
<testsuite hostname="ULTS-LAP435" failures="0" tests="2" name="com.ults.selenium.testcase.GrlRequestForwardSecToSpeakerTest" time="46.994" errors="0" timestamp="2023-05-26T15:47:10 IST" skipped="0">
  <testcase classname="com.ults.selenium.testcase.GrlRequestForwardSecToSpeakerTest" name="login" time="0.267"/>
  <system-out/>
  <testcase classname="com.ults.selenium.testcase.GrlRequestForwardSecToSpeakerTest" name="GrlRequestFrSpeaker" time="46.727"/>
  <system-out/>
</testsuite> <!-- com.ults.selenium.testcase.GrlRequestForwardSecToSpeakerTest -->
