<?xml version="1.0" encoding="UTF-8"?>
<!-- Generated by org.testng.reporters.JUnitReportReporter -->
<testsuite hostname="ULTS-LAP435" failures="0" tests="3" name="com.ults.selenium.testcase.ReportAcplDocCreationTest" time="79.942" errors="0" timestamp="2023-04-14T10:18:57 IST" skipped="0">
  <testcase classname="com.ults.selenium.testcase.ReportAcplDocCreationTest" name="login" time="0.250"/>
  <system-out/>
  <testcase classname="com.ults.selenium.testcase.ReportAcplDocCreationTest" name="ReportAcplDocRegWithDelay" time="77.268"/>
  <system-out/>
  <testcase classname="com.ults.selenium.testcase.ReportAcplDocCreationTest" name="logout" time="2.424"/>
  <system-out/>
</testsuite> <!-- com.ults.selenium.testcase.ReportAcplDocCreationTest -->
