<?xml version="1.0" encoding="UTF-8"?>
<!-- Generated by org.testng.reporters.JUnitReportReporter -->
<testsuite hostname="DESKTOP-G2QF5H9" failures="0" tests="2" name="com.xminds.selenium.testcase.CC009Test" time="122.196" errors="0" timestamp="2025-03-27T11:55:08 IST" skipped="0">
  <testcase classname="com.xminds.selenium.testcase.CC009Test" name="companyCreationTest" time="54.202"/>
  <system-out/>
  <testcase classname="com.xminds.selenium.testcase.CC009Test" name="companydifferentAccountTest" time="67.994"/>
  <system-out/>
</testsuite> <!-- com.xminds.selenium.testcase.CC009Test -->
