<?xml version="1.0" encoding="UTF-8"?>
<!-- Generated by org.testng.reporters.JUnitReportReporter -->
<testsuite hostname="DESKTOP-G2QF5H9" failures="0" tests="1" name="com.xminds.selenium.testcase.LoginTest2" time="7.013" errors="0" timestamp="2025-03-07T09:31:06 IST" skipped="0">
  <testcase classname="com.xminds.selenium.testcase.LoginTest2" name="loginTest" time="7.013"/>
  <system-out/>
</testsuite> <!-- com.xminds.selenium.testcase.LoginTest2 -->
