<?xml version="1.0" encoding="UTF-8"?>
<!-- Generated by org.testng.reporters.JUnitReportReporter -->
<testsuite hostname="LAPTOP-3U85U1MP" failures="0" tests="4" name="com.xminds.selenium.testcase.LoginScenarioTest" time="21.844" errors="0" timestamp="2025-04-25T15:32:32 IST" skipped="0">
  <testcase classname="com.xminds.selenium.testcase.LoginScenarioTest" name="TS001_TS008" time="5.422"/>
  <testcase classname="com.xminds.selenium.testcase.LoginScenarioTest" name="TS009_TS013" time="4.212"/>
  <testcase classname="com.xminds.selenium.testcase.LoginScenarioTest" name="TS14_TS018" time="3.528"/>
  <testcase classname="com.xminds.selenium.testcase.LoginScenarioTest" name="TS33_TS035" time="8.682"/>
</testsuite> <!-- com.xminds.selenium.testcase.LoginScenarioTest -->
