<?xml version="1.0" encoding="UTF-8"?>
<!-- Generated by org.testng.reporters.JUnitReportReporter -->
<testsuite hostname="ULTS-LAP435" failures="0" tests="3" name="com.ults.selenium.testcase.OrdinanceFileApprovalByUscplTest" time="74.662" errors="0" timestamp="2023-03-31T14:51:33 IST" skipped="0">
  <testcase classname="com.ults.selenium.testcase.OrdinanceFileApprovalByUscplTest" name="login" time="0.295"/>
  <system-out/>
  <testcase classname="com.ults.selenium.testcase.OrdinanceFileApprovalByUscplTest" name="uscplFileApproval" time="71.935"/>
  <system-out/>
  <testcase classname="com.ults.selenium.testcase.OrdinanceFileApprovalByUscplTest" name="logout" time="2.432"/>
  <system-out/>
</testsuite> <!-- com.ults.selenium.testcase.OrdinanceFileApprovalByUscplTest -->
