<?xml version="1.0" encoding="UTF-8"?>
<!-- Generated by org.testng.reporters.JUnitReportReporter -->
<testsuite hostname="LAPTOP-3U85U1MP" failures="0" tests="3" name="com.xminds.selenium.testcase.ForgotPasswordTest" time="25.823" errors="0" timestamp="2025-04-24T15:26:59 IST" skipped="0">
  <testcase classname="com.xminds.selenium.testcase.ForgotPasswordTest" name="TS026_TS029" time="2.418"/>
  <testcase classname="com.xminds.selenium.testcase.ForgotPasswordTest" name="TS030_TS031" time="12.335"/>
  <testcase classname="com.xminds.selenium.testcase.ForgotPasswordTest" name="TS032" time="11.070"/>
</testsuite> <!-- com.xminds.selenium.testcase.ForgotPasswordTest -->
