<?xml version="1.0" encoding="UTF-8"?>
<!-- Generated by org.testng.reporters.JUnitReportReporter -->
<testsuite hostname="LAPTOP-3U85U1MP" failures="0" tests="2" name="com.xminds.selenium.testcase.LoginTest" time="27.488" errors="0" timestamp="2025-07-26T20:40:01 IST" skipped="0">
  <testcase classname="com.xminds.selenium.testcase.LoginTest" name="testSuccessfulLogin" time="13.833"/>
  <testcase classname="com.xminds.selenium.testcase.LoginTest" name="testLoginWithBlankUsername" time="13.655"/>
</testsuite> <!-- com.xminds.selenium.testcase.LoginTest -->
