<?xml version="1.0" encoding="UTF-8"?>
<!-- Generated by org.testng.reporters.JUnitReportReporter -->
<testsuite hostname="ULTS-LAP435" failures="0" tests="3" name="com.ults.selenium.testcase.ForwardReqLetterSOtoUS" time="62.288" errors="0" timestamp="2023-05-29T17:30:05 IST" skipped="0">
  <testcase classname="com.ults.selenium.testcase.ForwardReqLetterSOtoUS" name="login" time="3.240"/>
  <system-out/>
  <testcase classname="com.ults.selenium.testcase.ForwardReqLetterSOtoUS" name="AcplDocRegWithDelay" time="56.855"/>
  <system-out/>
  <testcase classname="com.ults.selenium.testcase.ForwardReqLetterSOtoUS" name="logout" time="2.193"/>
  <system-out/>
</testsuite> <!-- com.ults.selenium.testcase.ForwardReqLetterSOtoUS -->
