<?xml version="1.0" encoding="UTF-8"?>
<!-- Generated by org.testng.reporters.JUnitReportReporter -->
<testsuite hostname="DESKTOP-G2QF5H9" failures="0" tests="1" name="com.xminds.selenium.testcase.api2$DatazoomAPITest" time="9.026" errors="0" timestamp="2025-03-24T10:18:26 IST" skipped="0">
  <testcase classname="com.xminds.selenium.testcase.api2$DatazoomAPITest" name="testCompanyDashboardSummaryAPI" time="9.026"/>
  <system-out/>
</testsuite> <!-- com.xminds.selenium.testcase.api2$DatazoomAPITest -->
