<?xml version="1.0" encoding="UTF-8"?>
<!-- Generated by org.testng.reporters.JUnitReportReporter -->
<testsuite hostname="ULTS-LAP435" failures="0" tests="3" name="com.ults.selenium.testcase.CorrectionRequestSocplTest" time="52.431" errors="0" timestamp="2023-03-31T15:00:42 IST" skipped="0">
  <testcase classname="com.ults.selenium.testcase.CorrectionRequestSocplTest" name="login" time="0.233"/>
  <system-out/>
  <testcase classname="com.ults.selenium.testcase.CorrectionRequestSocplTest" name="correctionRequestSocpl" time="49.821"/>
  <system-out/>
  <testcase classname="com.ults.selenium.testcase.CorrectionRequestSocplTest" name="logout" time="2.377"/>
  <system-out/>
</testsuite> <!-- com.ults.selenium.testcase.CorrectionRequestSocplTest -->
