<?xml version="1.0" encoding="UTF-8"?>
<!-- Generated by org.testng.reporters.JUnitReportReporter -->
<testsuite hostname="ULTS-LAP435" failures="0" tests="2" name="com.ults.selenium.testcase.GrlRequestForwardUsToDsBillTest" time="46.410" errors="0" timestamp="2023-05-26T15:43:52 IST" skipped="0">
  <testcase classname="com.ults.selenium.testcase.GrlRequestForwardUsToDsBillTest" name="login2" time="0.217"/>
  <system-out/>
  <testcase classname="com.ults.selenium.testcase.GrlRequestForwardUsToDsBillTest" name="GrlRequestFrDS" time="46.193"/>
  <system-out/>
</testsuite> <!-- com.ults.selenium.testcase.GrlRequestForwardUsToDsBillTest -->
