<?xml version="1.0" encoding="UTF-8"?>
<!-- Generated by org.testng.reporters.JUnitReportReporter -->
<testsuite hostname="DESKTOP-G2QF5H9" failures="0" tests="1" name="com.xminds.selenium.testcase.CompanyCreation" time="17.416" errors="0" timestamp="2025-04-01T11:58:18 IST" skipped="0">
  <testcase classname="com.xminds.selenium.testcase.CompanyCreation" name="companyCreationTest" time="17.416"/>
  <system-out/>
</testsuite> <!-- com.xminds.selenium.testcase.CompanyCreation -->
