<?xml version="1.0" encoding="UTF-8"?>
<!-- Generated by org.testng.reporters.JUnitReportReporter -->
<testsuite hostname="ULTS-LAP435" failures="0" tests="3" name="com.ults.selenium.testcase.OsSRO" time="98.337" errors="0" timestamp="2023-04-03T16:55:05 IST" skipped="0">
  <testcase classname="com.ults.selenium.testcase.OsSRO" name="login" time="14.701"/>
  <system-out/>
  <testcase classname="com.ults.selenium.testcase.OsSRO" name="osSro" time="83.485"/>
  <system-out/>
  <testcase classname="com.ults.selenium.testcase.OsSRO" name="logout" time="0.151"/>
  <system-out/>
</testsuite> <!-- com.ults.selenium.testcase.OsSRO -->
