<?xml version="1.0" encoding="UTF-8"?>
<!-- Generated by org.testng.reporters.JUnitReportReporter -->
<testsuite hostname="ULTS-LAP435" failures="0" tests="2" name="com.ults.selenium.testcase.BudgetGrlFileCreationTest" time="48.795" errors="0" timestamp="2023-05-29T17:17:05 IST" skipped="0">
  <testcase classname="com.ults.selenium.testcase.BudgetGrlFileCreationTest" name="login" time="0.232"/>
  <system-out/>
  <testcase classname="com.ults.selenium.testcase.BudgetGrlFileCreationTest" name="DocumentGrl" time="48.563"/>
  <system-out/>
</testsuite> <!-- com.ults.selenium.testcase.BudgetGrlFileCreationTest -->
