<?xml version="1.0" encoding="UTF-8"?>
<!-- Generated by org.testng.reporters.JUnitReportReporter -->
<testsuite hostname="DESKTOP-G2QF5H9" failures="0" tests="4" name="com.xminds.selenium.testcase.UserCreation" time="122.240" errors="0" timestamp="2025-04-02T11:27:41 IST" skipped="0">
  <testcase classname="com.xminds.selenium.testcase.UserCreation" name="customerAdminUserCreationTest" time="31.197"/>
  <system-out/>
  <testcase classname="com.xminds.selenium.testcase.UserCreation" name="billingAdminUserCreationTest" time="28.081"/>
  <system-out/>
  <testcase classname="com.xminds.selenium.testcase.UserCreation" name="AdminUserCreationTest" time="29.431"/>
  <system-out/>
  <testcase classname="com.xminds.selenium.testcase.UserCreation" name="userCreationTest" time="33.531"/>
  <system-out/>
</testsuite> <!-- com.xminds.selenium.testcase.UserCreation -->
