<?xml version="1.0" encoding="UTF-8"?>
<!-- Generated by org.testng.reporters.JUnitReportReporter -->
<testsuite hostname="ULTS-LAP435" failures="0" tests="2" name="com.ults.selenium.testcase.GrlRequestForwardSoToUsBillTest" time="46.488" errors="0" timestamp="2023-05-26T15:42:41 IST" skipped="0">
  <testcase classname="com.ults.selenium.testcase.GrlRequestForwardSoToUsBillTest" name="login2" time="0.307"/>
  <system-out/>
  <testcase classname="com.ults.selenium.testcase.GrlRequestForwardSoToUsBillTest" name="GrlRequestFrUS" time="46.181"/>
  <system-out/>
</testsuite> <!-- com.ults.selenium.testcase.GrlRequestForwardSoToUsBillTest -->
