<?xml version="1.0" encoding="UTF-8"?>
<!-- Generated by org.testng.reporters.JUnitReportReporter -->
<testsuite hostname="ULTS-LAP435" failures="0" tests="7" name="com.ults.selenium.testcase.Budget_TSSO_ForwardTo_TSUS" time="24.764" errors="0" timestamp="2023-05-29T17:12:52 IST" skipped="6">
  <testcase classname="com.ults.selenium.testcase.Budget_TSSO_ForwardTo_TSUS" name="Again_ForwardToUS" time="24.764"/>
  <system-out/>
  <testcase classname="com.ults.selenium.testcase.Budget_TSSO_ForwardTo_TSUS" name="Login_TSUS">
    <skipped/>
  </testcase> <!-- Login_TSUS -->
  <system-out/>
  <testcase classname="com.ults.selenium.testcase.Budget_TSSO_ForwardTo_TSUS" name="logout">
    <skipped/>
  </testcase> <!-- logout -->
  <system-out/>
  <testcase classname="com.ults.selenium.testcase.Budget_TSSO_ForwardTo_TSUS" name="ForwardToUS">
    <skipped/>
  </testcase> <!-- ForwardToUS -->
  <system-out/>
  <testcase classname="com.ults.selenium.testcase.Budget_TSSO_ForwardTo_TSUS" name="login">
    <skipped/>
  </testcase> <!-- login -->
  <system-out/>
  <testcase classname="com.ults.selenium.testcase.Budget_TSSO_ForwardTo_TSUS" name="select_File">
    <skipped/>
  </testcase> <!-- select_File -->
  <system-out/>
  <testcase classname="com.ults.selenium.testcase.Budget_TSSO_ForwardTo_TSUS" name="TSUS_ReturnToTSSO">
    <skipped/>
  </testcase> <!-- TSUS_ReturnToTSSO -->
  <system-out/>
</testsuite> <!-- com.ults.selenium.testcase.Budget_TSSO_ForwardTo_TSUS -->
