<?xml version="1.0" encoding="UTF-8"?>
<!-- Generated by org.testng.reporters.JUnitReportReporter -->
<testsuite hostname="ULTS-LAP435" failures="0" tests="3" name="com.ults.selenium.testcase.CorrectionRequestFileApprovalUscplTest" time="78.185" errors="0" timestamp="2023-03-31T15:00:42 IST" skipped="0">
  <testcase classname="com.ults.selenium.testcase.CorrectionRequestFileApprovalUscplTest" name="login" time="0.278"/>
  <system-out/>
  <testcase classname="com.ults.selenium.testcase.CorrectionRequestFileApprovalUscplTest" name="correctionUscplFileApproval" time="75.515"/>
  <system-out/>
  <testcase classname="com.ults.selenium.testcase.CorrectionRequestFileApprovalUscplTest" name="logout" time="2.392"/>
  <system-out/>
</testsuite> <!-- com.ults.selenium.testcase.CorrectionRequestFileApprovalUscplTest -->
