<?xml version="1.0" encoding="UTF-8"?>
<!-- Generated by org.testng.reporters.JUnitReportReporter -->
<testsuite hostname="ULTS-LAP322" failures="0" tests="2" name="com.ults.selenium.testcase.KMB_01_VesselCreation" time="12.326" errors="0" timestamp="2024-07-02T15:59:40 IST" skipped="0">
  <testcase classname="com.ults.selenium.testcase.KMB_01_VesselCreation" name="login" time="1.141"/>
  <system-out/>
  <testcase classname="com.ults.selenium.testcase.KMB_01_VesselCreation" name="ApplyForNewVessals" time="11.185"/>
  <system-out/>
</testsuite> <!-- com.ults.selenium.testcase.KMB_01_VesselCreation -->
