<?xml version="1.0" encoding="UTF-8"?>
<!-- Generated by org.testng.reporters.JUnitReportReporter -->
<testsuite hostname="ULTS-LAP435" failures="0" tests="3" name="com.ults.selenium.testcase.ReportAcplDocCreation_withoutdelay_Test" time="85.437" errors="0" timestamp="2023-04-03T15:15:47 IST" skipped="0">
  <testcase classname="com.ults.selenium.testcase.ReportAcplDocCreation_withoutdelay_Test" name="login" time="0.453"/>
  <system-out/>
  <testcase classname="com.ults.selenium.testcase.ReportAcplDocCreation_withoutdelay_Test" name="ReportAcplDocRegWithoutDelay" time="84.909"/>
  <system-out/>
  <testcase classname="com.ults.selenium.testcase.ReportAcplDocCreation_withoutdelay_Test" name="logout" time="0.075"/>
  <system-out/>
</testsuite> <!-- com.ults.selenium.testcase.ReportAcplDocCreation_withoutdelay_Test -->
