<?xml version="1.0" encoding="UTF-8"?>
<!-- Generated by org.testng.reporters.JUnitReportReporter -->
<testsuite hostname="DESKTOP-G2QF5H9" failures="0" tests="1" name="com.xminds.selenium.testcase.DH020_DH022$DatazoomAPITest" time="13.454" errors="0" timestamp="2025-03-24T10:18:58 IST" skipped="0">
  <testcase classname="com.xminds.selenium.testcase.DH020_DH022$DatazoomAPITest" name="testCompanyDashboardSummaryConnecterAPI" time="13.454"/>
  <system-out/>
</testsuite> <!-- com.xminds.selenium.testcase.DH020_DH022$DatazoomAPITest -->
