<?xml version="1.0" encoding="UTF-8"?>
<!-- Generated by org.testng.reporters.JUnitReportReporter -->
<testsuite hostname="ULTS-LAP435" failures="0" tests="2" name="com.ults.selenium.testcase.BudgetDocumentGrlTest" time="50.903" errors="0" timestamp="2023-05-29T17:16:00 IST" skipped="0">
  <testcase classname="com.ults.selenium.testcase.BudgetDocumentGrlTest" name="login" time="0.214"/>
  <system-out/>
  <testcase classname="com.ults.selenium.testcase.BudgetDocumentGrlTest" name="DocumentGrl" time="50.689"/>
  <system-out/>
</testsuite> <!-- com.ults.selenium.testcase.BudgetDocumentGrlTest -->
