<?xml version="1.0" encoding="UTF-8"?>
<!-- Generated by org.testng.reporters.JUnitReportReporter -->
<testsuite hostname="DESKTOP-G2QF5H9" failures="0" tests="1" name="com.xminds.selenium.testcase.RoughWorkTest" time="19.515" errors="0" timestamp="2025-04-09T12:44:49 IST" skipped="0">
  <testcase classname="com.xminds.selenium.testcase.RoughWorkTest" name="companydifferentAccountTest" time="19.515"/>
  <system-out/>
</testsuite> <!-- com.xminds.selenium.testcase.RoughWorkTest -->
